

Processing ApplicationController#index (for 127.0.0.1 at 2009-11-20 15:41:20) [GET]

ActionController::RoutingError (No route matches "/" with {:method=>:get}):
  passenger (2.2.5) lib/phusion_passenger/rack/request_handler.rb:95:in `process_request'
  passenger (2.2.5) lib/phusion_passenger/abstract_request_handler.rb:207:in `main_loop'
  passenger (2.2.5) lib/phusion_passenger/railz/application_spawner.rb:378:in `start_request_handler'
  passenger (2.2.5) lib/phusion_passenger/railz/application_spawner.rb:336:in `handle_spawn_application'
  passenger (2.2.5) lib/phusion_passenger/utils.rb:183:in `safe_fork'
  passenger (2.2.5) lib/phusion_passenger/railz/application_spawner.rb:334:in `handle_spawn_application'
  passenger (2.2.5) lib/phusion_passenger/abstract_server.rb:352:in `__send__'
  passenger (2.2.5) lib/phusion_passenger/abstract_server.rb:352:in `main_loop'
  passenger (2.2.5) lib/phusion_passenger/abstract_server.rb:196:in `start_synchronously'
  passenger (2.2.5) lib/phusion_passenger/abstract_server.rb:163:in `start'
  passenger (2.2.5) lib/phusion_passenger/railz/application_spawner.rb:213:in `start'
  passenger (2.2.5) lib/phusion_passenger/spawn_manager.rb:262:in `spawn_rails_application'
  passenger (2.2.5) lib/phusion_passenger/abstract_server_collection.rb:126:in `lookup_or_add'
  passenger (2.2.5) lib/phusion_passenger/spawn_manager.rb:256:in `spawn_rails_application'
  passenger (2.2.5) lib/phusion_passenger/abstract_server_collection.rb:80:in `synchronize'
  passenger (2.2.5) lib/phusion_passenger/abstract_server_collection.rb:79:in `synchronize'
  passenger (2.2.5) lib/phusion_passenger/spawn_manager.rb:255:in `spawn_rails_application'
  passenger (2.2.5) lib/phusion_passenger/spawn_manager.rb:154:in `spawn_application'
  passenger (2.2.5) lib/phusion_passenger/spawn_manager.rb:287:in `handle_spawn_application'
  passenger (2.2.5) lib/phusion_passenger/abstract_server.rb:352:in `__send__'
  passenger (2.2.5) lib/phusion_passenger/abstract_server.rb:352:in `main_loop'
  passenger (2.2.5) lib/phusion_passenger/abstract_server.rb:196:in `start_synchronously'

Rendering rescues/layout (not_found)


Processing PostsController#index (for 127.0.0.1 at 2009-11-20 15:42:18) [GET]
  [4;36;1mPost Load (0.0ms)[0m   [0;1mSQLite3::SQLException: no such table: posts: SELECT * FROM "posts" [0m

ActiveRecord::StatementInvalid (SQLite3::SQLException: no such table: posts: SELECT * FROM "posts" ):
  app/controllers/posts_controller.rb:5:in `index'
  passenger (2.2.5) lib/phusion_passenger/rack/request_handler.rb:95:in `process_request'
  passenger (2.2.5) lib/phusion_passenger/abstract_request_handler.rb:207:in `main_loop'
  passenger (2.2.5) lib/phusion_passenger/railz/application_spawner.rb:378:in `start_request_handler'
  passenger (2.2.5) lib/phusion_passenger/railz/application_spawner.rb:336:in `handle_spawn_application'
  passenger (2.2.5) lib/phusion_passenger/utils.rb:183:in `safe_fork'
  passenger (2.2.5) lib/phusion_passenger/railz/application_spawner.rb:334:in `handle_spawn_application'
  passenger (2.2.5) lib/phusion_passenger/abstract_server.rb:352:in `__send__'
  passenger (2.2.5) lib/phusion_passenger/abstract_server.rb:352:in `main_loop'
  passenger (2.2.5) lib/phusion_passenger/abstract_server.rb:196:in `start_synchronously'
  passenger (2.2.5) lib/phusion_passenger/abstract_server.rb:163:in `start'
  passenger (2.2.5) lib/phusion_passenger/railz/application_spawner.rb:213:in `start'
  passenger (2.2.5) lib/phusion_passenger/spawn_manager.rb:262:in `spawn_rails_application'
  passenger (2.2.5) lib/phusion_passenger/abstract_server_collection.rb:126:in `lookup_or_add'
  passenger (2.2.5) lib/phusion_passenger/spawn_manager.rb:256:in `spawn_rails_application'
  passenger (2.2.5) lib/phusion_passenger/abstract_server_collection.rb:80:in `synchronize'
  passenger (2.2.5) lib/phusion_passenger/abstract_server_collection.rb:79:in `synchronize'
  passenger (2.2.5) lib/phusion_passenger/spawn_manager.rb:255:in `spawn_rails_application'
  passenger (2.2.5) lib/phusion_passenger/spawn_manager.rb:154:in `spawn_application'
  passenger (2.2.5) lib/phusion_passenger/spawn_manager.rb:287:in `handle_spawn_application'
  passenger (2.2.5) lib/phusion_passenger/abstract_server.rb:352:in `__send__'
  passenger (2.2.5) lib/phusion_passenger/abstract_server.rb:352:in `main_loop'
  passenger (2.2.5) lib/phusion_passenger/abstract_server.rb:196:in `start_synchronously'

Rendered rescues/_trace (51.7ms)
Rendered rescues/_request_and_response (1.6ms)
Rendering rescues/layout (internal_server_error)
  [4;36;1mSQL (0.3ms)[0m   [0;1m SELECT name
 FROM sqlite_master
 WHERE type = 'table' AND NOT name = 'sqlite_sequence'
[0m
  [4;35;1mSQL (0.2ms)[0m   [0mselect sqlite_version(*)[0m
  [4;36;1mSQL (2.1ms)[0m   [0;1mCREATE TABLE "schema_migrations" ("version" varchar(255) NOT NULL) [0m
  [4;35;1mSQL (2.0ms)[0m   [0mCREATE UNIQUE INDEX "unique_schema_migrations" ON "schema_migrations" ("version")[0m
  [4;36;1mSQL (0.2ms)[0m   [0;1m SELECT name
 FROM sqlite_master
 WHERE type = 'table' AND NOT name = 'sqlite_sequence'
[0m
  [4;35;1mSQL (0.1ms)[0m   [0mSELECT version FROM schema_migrations[0m
Migrating to CreatePosts (20091120194017)
  [4;36;1mSQL (0.7ms)[0m   [0;1mCREATE TABLE "posts" ("id" INTEGER PRIMARY KEY AUTOINCREMENT NOT NULL, "title" varchar(255), "body" text, "created_at" datetime, "updated_at" datetime) [0m
  [4;35;1mSQL (0.2ms)[0m   [0mINSERT INTO schema_migrations (version) VALUES ('20091120194017')[0m
  [4;36;1mSQL (0.3ms)[0m   [0;1m SELECT name
 FROM sqlite_master
 WHERE type = 'table' AND NOT name = 'sqlite_sequence'
[0m
  [4;35;1mSQL (0.1ms)[0m   [0mSELECT version FROM schema_migrations[0m
  [4;36;1mSQL (0.2ms)[0m   [0;1m SELECT name
 FROM sqlite_master
 WHERE type = 'table' AND NOT name = 'sqlite_sequence'
[0m
  [4;35;1mSQL (0.1ms)[0m   [0mPRAGMA index_list("posts")[0m


Processing PostsController#index (for 127.0.0.1 at 2009-11-20 15:42:35) [GET]
  [4;35;1mPost Load (0.5ms)[0m   [0mSELECT * FROM "posts" [0m
Rendering template within layouts/posts
Rendering posts/index
Completed in 69ms (View: 63, DB: 0) | 200 OK [http://blog-example.local/]


Processing PostsController#new (for 127.0.0.1 at 2009-11-20 15:42:43) [GET]
Rendering template within layouts/posts
Rendering posts/new
Completed in 17ms (View: 11, DB: 0) | 200 OK [http://blog-example.local/posts/new]


Processing PostsController#index (for 127.0.0.1 at 2009-11-20 15:42:45) [GET]
  [4;36;1mPost Load (0.4ms)[0m   [0;1mSELECT * FROM "posts" [0m
Rendering template within layouts/posts
Rendering posts/index
Completed in 7ms (View: 1, DB: 0) | 200 OK [http://blog-example.local/posts]


Processing PostsController#index (for 127.0.0.1 at 2009-11-20 15:53:17) [GET]
  [4;36;1mPost Load (0.4ms)[0m   [0;1mSELECT * FROM "posts" [0m
Rendering template within layouts/posts
Rendering posts/index
Completed in 34ms (View: 28, DB: 0) | 200 OK [http://blog-example.local/posts]
/!\ FAILSAFE /!\  Fri Nov 20 15:53:40 -0400 2009
  Status: 500 Internal Server Error
  FATAL:  database "blog-example_development" does not exist

    /Library/Ruby/Gems/1.8/gems/activerecord-2.3.4/lib/active_record/connection_adapters/postgresql_adapter.rb:968:in `initialize'
    /Library/Ruby/Gems/1.8/gems/activerecord-2.3.4/lib/active_record/connection_adapters/postgresql_adapter.rb:968:in `connect'
    /Library/Ruby/Gems/1.8/gems/activerecord-2.3.4/lib/active_record/connection_adapters/postgresql_adapter.rb:968:in `connect'
    /Library/Ruby/Gems/1.8/gems/activerecord-2.3.4/lib/active_record/connection_adapters/postgresql_adapter.rb:217:in `initialize'
    /Library/Ruby/Gems/1.8/gems/activerecord-2.3.4/lib/active_record/connection_adapters/postgresql_adapter.rb:37:in `new'
    /Library/Ruby/Gems/1.8/gems/activerecord-2.3.4/lib/active_record/connection_adapters/postgresql_adapter.rb:37:in `postgresql_connection'
    /Library/Ruby/Gems/1.8/gems/activerecord-2.3.4/lib/active_record/connection_adapters/abstract/connection_pool.rb:223:in `send'
    /Library/Ruby/Gems/1.8/gems/activerecord-2.3.4/lib/active_record/connection_adapters/abstract/connection_pool.rb:223:in `new_connection'
    /Library/Ruby/Gems/1.8/gems/activerecord-2.3.4/lib/active_record/connection_adapters/abstract/connection_pool.rb:245:in `checkout_new_connection'
    /Library/Ruby/Gems/1.8/gems/activerecord-2.3.4/lib/active_record/connection_adapters/abstract/connection_pool.rb:188:in `checkout'
    /Library/Ruby/Gems/1.8/gems/activerecord-2.3.4/lib/active_record/connection_adapters/abstract/connection_pool.rb:184:in `loop'
    /Library/Ruby/Gems/1.8/gems/activerecord-2.3.4/lib/active_record/connection_adapters/abstract/connection_pool.rb:184:in `checkout'
    /System/Library/Frameworks/Ruby.framework/Versions/1.8/usr/lib/ruby/1.8/monitor.rb:242:in `synchronize'
    /Library/Ruby/Gems/1.8/gems/activerecord-2.3.4/lib/active_record/connection_adapters/abstract/connection_pool.rb:183:in `checkout'
    /Library/Ruby/Gems/1.8/gems/activerecord-2.3.4/lib/active_record/connection_adapters/abstract/connection_pool.rb:98:in `connection'
    /Library/Ruby/Gems/1.8/gems/activerecord-2.3.4/lib/active_record/connection_adapters/abstract/connection_pool.rb:326:in `retrieve_connection'
    /Library/Ruby/Gems/1.8/gems/activerecord-2.3.4/lib/active_record/connection_adapters/abstract/connection_specification.rb:123:in `retrieve_connection'
    /Library/Ruby/Gems/1.8/gems/activerecord-2.3.4/lib/active_record/connection_adapters/abstract/connection_specification.rb:115:in `connection'
    /Library/Ruby/Gems/1.8/gems/activerecord-2.3.4/lib/active_record/query_cache.rb:9:in `cache'
    /Library/Ruby/Gems/1.8/gems/activerecord-2.3.4/lib/active_record/query_cache.rb:28:in `call'
    /Library/Ruby/Gems/1.8/gems/activerecord-2.3.4/lib/active_record/connection_adapters/abstract/connection_pool.rb:361:in `call'
    /Library/Ruby/Gems/1.8/gems/passenger-2.2.5/vendor/rack-1.0.0-git/lib/rack/head.rb:9:in `call'
    /Library/Ruby/Gems/1.8/gems/passenger-2.2.5/vendor/rack-1.0.0-git/lib/rack/methodoverride.rb:24:in `call'
    /Library/Ruby/Gems/1.8/gems/actionpack-2.3.4/lib/action_controller/params_parser.rb:15:in `call'
    /Library/Ruby/Gems/1.8/gems/actionpack-2.3.4/lib/action_controller/session/cookie_store.rb:93:in `call'
    /Library/Ruby/Gems/1.8/gems/actionpack-2.3.4/lib/action_controller/failsafe.rb:26:in `call'
    /Library/Ruby/Gems/1.8/gems/passenger-2.2.5/vendor/rack-1.0.0-git/lib/rack/lock.rb:11:in `call'
    /Library/Ruby/Gems/1.8/gems/passenger-2.2.5/vendor/rack-1.0.0-git/lib/rack/lock.rb:11:in `synchronize'
    /Library/Ruby/Gems/1.8/gems/passenger-2.2.5/vendor/rack-1.0.0-git/lib/rack/lock.rb:11:in `call'
    /Library/Ruby/Gems/1.8/gems/actionpack-2.3.4/lib/action_controller/dispatcher.rb:114:in `call'
    /Library/Ruby/Gems/1.8/gems/actionpack-2.3.4/lib/action_controller/reloader.rb:34:in `run'
    /Library/Ruby/Gems/1.8/gems/actionpack-2.3.4/lib/action_controller/dispatcher.rb:108:in `call'
    /Library/Ruby/Gems/1.8/gems/passenger-2.2.5/lib/phusion_passenger/rack/request_handler.rb:95:in `process_request'
    /Library/Ruby/Gems/1.8/gems/passenger-2.2.5/lib/phusion_passenger/abstract_request_handler.rb:207:in `main_loop'
    /Library/Ruby/Gems/1.8/gems/passenger-2.2.5/lib/phusion_passenger/railz/application_spawner.rb:378:in `start_request_handler'
    /Library/Ruby/Gems/1.8/gems/passenger-2.2.5/lib/phusion_passenger/railz/application_spawner.rb:336:in `handle_spawn_application'
    /Library/Ruby/Gems/1.8/gems/passenger-2.2.5/lib/phusion_passenger/utils.rb:183:in `safe_fork'
    /Library/Ruby/Gems/1.8/gems/passenger-2.2.5/lib/phusion_passenger/railz/application_spawner.rb:334:in `handle_spawn_application'
    /Library/Ruby/Gems/1.8/gems/passenger-2.2.5/lib/phusion_passenger/abstract_server.rb:352:in `__send__'
    /Library/Ruby/Gems/1.8/gems/passenger-2.2.5/lib/phusion_passenger/abstract_server.rb:352:in `main_loop'
    /Library/Ruby/Gems/1.8/gems/passenger-2.2.5/lib/phusion_passenger/abstract_server.rb:196:in `start_synchronously'
    /Library/Ruby/Gems/1.8/gems/passenger-2.2.5/lib/phusion_passenger/abstract_server.rb:163:in `start'
    /Library/Ruby/Gems/1.8/gems/passenger-2.2.5/lib/phusion_passenger/railz/application_spawner.rb:213:in `start'
    /Library/Ruby/Gems/1.8/gems/passenger-2.2.5/lib/phusion_passenger/spawn_manager.rb:262:in `spawn_rails_application'
    /Library/Ruby/Gems/1.8/gems/passenger-2.2.5/lib/phusion_passenger/abstract_server_collection.rb:126:in `lookup_or_add'
    /Library/Ruby/Gems/1.8/gems/passenger-2.2.5/lib/phusion_passenger/spawn_manager.rb:256:in `spawn_rails_application'
    /Library/Ruby/Gems/1.8/gems/passenger-2.2.5/lib/phusion_passenger/abstract_server_collection.rb:80:in `synchronize'
    /Library/Ruby/Gems/1.8/gems/passenger-2.2.5/lib/phusion_passenger/abstract_server_collection.rb:79:in `synchronize'
    /Library/Ruby/Gems/1.8/gems/passenger-2.2.5/lib/phusion_passenger/spawn_manager.rb:255:in `spawn_rails_application'
    /Library/Ruby/Gems/1.8/gems/passenger-2.2.5/lib/phusion_passenger/spawn_manager.rb:154:in `spawn_application'
    /Library/Ruby/Gems/1.8/gems/passenger-2.2.5/lib/phusion_passenger/spawn_manager.rb:287:in `handle_spawn_application'
    /Library/Ruby/Gems/1.8/gems/passenger-2.2.5/lib/phusion_passenger/abstract_server.rb:352:in `__send__'
    /Library/Ruby/Gems/1.8/gems/passenger-2.2.5/lib/phusion_passenger/abstract_server.rb:352:in `main_loop'
    /Library/Ruby/Gems/1.8/gems/passenger-2.2.5/lib/phusion_passenger/abstract_server.rb:196:in `start_synchronously'
    /Library/Ruby/Gems/1.8/gems/passenger-2.2.5/bin/passenger-spawn-server:61
/!\ FAILSAFE /!\  Fri Nov 20 15:53:46 -0400 2009
  Status: 500 Internal Server Error
  FATAL:  database "blog-example_development" does not exist

    /Library/Ruby/Gems/1.8/gems/activerecord-2.3.4/lib/active_record/connection_adapters/postgresql_adapter.rb:968:in `initialize'
    /Library/Ruby/Gems/1.8/gems/activerecord-2.3.4/lib/active_record/connection_adapters/postgresql_adapter.rb:968:in `connect'
    /Library/Ruby/Gems/1.8/gems/activerecord-2.3.4/lib/active_record/connection_adapters/postgresql_adapter.rb:968:in `connect'
    /Library/Ruby/Gems/1.8/gems/activerecord-2.3.4/lib/active_record/connection_adapters/postgresql_adapter.rb:217:in `initialize'
    /Library/Ruby/Gems/1.8/gems/activerecord-2.3.4/lib/active_record/connection_adapters/postgresql_adapter.rb:37:in `new'
    /Library/Ruby/Gems/1.8/gems/activerecord-2.3.4/lib/active_record/connection_adapters/postgresql_adapter.rb:37:in `postgresql_connection'
    /Library/Ruby/Gems/1.8/gems/activerecord-2.3.4/lib/active_record/connection_adapters/abstract/connection_pool.rb:223:in `send'
    /Library/Ruby/Gems/1.8/gems/activerecord-2.3.4/lib/active_record/connection_adapters/abstract/connection_pool.rb:223:in `new_connection'
    /Library/Ruby/Gems/1.8/gems/activerecord-2.3.4/lib/active_record/connection_adapters/abstract/connection_pool.rb:245:in `checkout_new_connection'
    /Library/Ruby/Gems/1.8/gems/activerecord-2.3.4/lib/active_record/connection_adapters/abstract/connection_pool.rb:188:in `checkout'
    /Library/Ruby/Gems/1.8/gems/activerecord-2.3.4/lib/active_record/connection_adapters/abstract/connection_pool.rb:184:in `loop'
    /Library/Ruby/Gems/1.8/gems/activerecord-2.3.4/lib/active_record/connection_adapters/abstract/connection_pool.rb:184:in `checkout'
    /System/Library/Frameworks/Ruby.framework/Versions/1.8/usr/lib/ruby/1.8/monitor.rb:242:in `synchronize'
    /Library/Ruby/Gems/1.8/gems/activerecord-2.3.4/lib/active_record/connection_adapters/abstract/connection_pool.rb:183:in `checkout'
    /Library/Ruby/Gems/1.8/gems/activerecord-2.3.4/lib/active_record/connection_adapters/abstract/connection_pool.rb:98:in `connection'
    /Library/Ruby/Gems/1.8/gems/activerecord-2.3.4/lib/active_record/connection_adapters/abstract/connection_pool.rb:326:in `retrieve_connection'
    /Library/Ruby/Gems/1.8/gems/activerecord-2.3.4/lib/active_record/connection_adapters/abstract/connection_specification.rb:123:in `retrieve_connection'
    /Library/Ruby/Gems/1.8/gems/activerecord-2.3.4/lib/active_record/connection_adapters/abstract/connection_specification.rb:115:in `connection'
    /Library/Ruby/Gems/1.8/gems/activerecord-2.3.4/lib/active_record/query_cache.rb:9:in `cache'
    /Library/Ruby/Gems/1.8/gems/activerecord-2.3.4/lib/active_record/query_cache.rb:28:in `call'
    /Library/Ruby/Gems/1.8/gems/activerecord-2.3.4/lib/active_record/connection_adapters/abstract/connection_pool.rb:361:in `call'
    /Library/Ruby/Gems/1.8/gems/passenger-2.2.5/vendor/rack-1.0.0-git/lib/rack/head.rb:9:in `call'
    /Library/Ruby/Gems/1.8/gems/passenger-2.2.5/vendor/rack-1.0.0-git/lib/rack/methodoverride.rb:24:in `call'
    /Library/Ruby/Gems/1.8/gems/actionpack-2.3.4/lib/action_controller/params_parser.rb:15:in `call'
    /Library/Ruby/Gems/1.8/gems/actionpack-2.3.4/lib/action_controller/session/cookie_store.rb:93:in `call'
    /Library/Ruby/Gems/1.8/gems/actionpack-2.3.4/lib/action_controller/failsafe.rb:26:in `call'
    /Library/Ruby/Gems/1.8/gems/passenger-2.2.5/vendor/rack-1.0.0-git/lib/rack/lock.rb:11:in `call'
    /Library/Ruby/Gems/1.8/gems/passenger-2.2.5/vendor/rack-1.0.0-git/lib/rack/lock.rb:11:in `synchronize'
    /Library/Ruby/Gems/1.8/gems/passenger-2.2.5/vendor/rack-1.0.0-git/lib/rack/lock.rb:11:in `call'
    /Library/Ruby/Gems/1.8/gems/actionpack-2.3.4/lib/action_controller/dispatcher.rb:114:in `call'
    /Library/Ruby/Gems/1.8/gems/actionpack-2.3.4/lib/action_controller/reloader.rb:34:in `run'
    /Library/Ruby/Gems/1.8/gems/actionpack-2.3.4/lib/action_controller/dispatcher.rb:108:in `call'
    /Library/Ruby/Gems/1.8/gems/passenger-2.2.5/lib/phusion_passenger/rack/request_handler.rb:95:in `process_request'
    /Library/Ruby/Gems/1.8/gems/passenger-2.2.5/lib/phusion_passenger/abstract_request_handler.rb:207:in `main_loop'
    /Library/Ruby/Gems/1.8/gems/passenger-2.2.5/lib/phusion_passenger/railz/application_spawner.rb:378:in `start_request_handler'
    /Library/Ruby/Gems/1.8/gems/passenger-2.2.5/lib/phusion_passenger/railz/application_spawner.rb:336:in `handle_spawn_application'
    /Library/Ruby/Gems/1.8/gems/passenger-2.2.5/lib/phusion_passenger/utils.rb:183:in `safe_fork'
    /Library/Ruby/Gems/1.8/gems/passenger-2.2.5/lib/phusion_passenger/railz/application_spawner.rb:334:in `handle_spawn_application'
    /Library/Ruby/Gems/1.8/gems/passenger-2.2.5/lib/phusion_passenger/abstract_server.rb:352:in `__send__'
    /Library/Ruby/Gems/1.8/gems/passenger-2.2.5/lib/phusion_passenger/abstract_server.rb:352:in `main_loop'
    /Library/Ruby/Gems/1.8/gems/passenger-2.2.5/lib/phusion_passenger/abstract_server.rb:196:in `start_synchronously'
    /Library/Ruby/Gems/1.8/gems/passenger-2.2.5/lib/phusion_passenger/abstract_server.rb:163:in `start'
    /Library/Ruby/Gems/1.8/gems/passenger-2.2.5/lib/phusion_passenger/railz/application_spawner.rb:213:in `start'
    /Library/Ruby/Gems/1.8/gems/passenger-2.2.5/lib/phusion_passenger/spawn_manager.rb:262:in `spawn_rails_application'
    /Library/Ruby/Gems/1.8/gems/passenger-2.2.5/lib/phusion_passenger/abstract_server_collection.rb:126:in `lookup_or_add'
    /Library/Ruby/Gems/1.8/gems/passenger-2.2.5/lib/phusion_passenger/spawn_manager.rb:256:in `spawn_rails_application'
    /Library/Ruby/Gems/1.8/gems/passenger-2.2.5/lib/phusion_passenger/abstract_server_collection.rb:80:in `synchronize'
    /Library/Ruby/Gems/1.8/gems/passenger-2.2.5/lib/phusion_passenger/abstract_server_collection.rb:79:in `synchronize'
    /Library/Ruby/Gems/1.8/gems/passenger-2.2.5/lib/phusion_passenger/spawn_manager.rb:255:in `spawn_rails_application'
    /Library/Ruby/Gems/1.8/gems/passenger-2.2.5/lib/phusion_passenger/spawn_manager.rb:154:in `spawn_application'
    /Library/Ruby/Gems/1.8/gems/passenger-2.2.5/lib/phusion_passenger/spawn_manager.rb:287:in `handle_spawn_application'
    /Library/Ruby/Gems/1.8/gems/passenger-2.2.5/lib/phusion_passenger/abstract_server.rb:352:in `__send__'
    /Library/Ruby/Gems/1.8/gems/passenger-2.2.5/lib/phusion_passenger/abstract_server.rb:352:in `main_loop'
    /Library/Ruby/Gems/1.8/gems/passenger-2.2.5/lib/phusion_passenger/abstract_server.rb:196:in `start_synchronously'
    /Library/Ruby/Gems/1.8/gems/passenger-2.2.5/bin/passenger-spawn-server:61
/!\ FAILSAFE /!\  Fri Nov 20 15:54:36 -0400 2009
  Status: 500 Internal Server Error
  FATAL:  database "blog-example_development" does not exist

    /Library/Ruby/Gems/1.8/gems/activerecord-2.3.4/lib/active_record/connection_adapters/postgresql_adapter.rb:968:in `initialize'
    /Library/Ruby/Gems/1.8/gems/activerecord-2.3.4/lib/active_record/connection_adapters/postgresql_adapter.rb:968:in `connect'
    /Library/Ruby/Gems/1.8/gems/activerecord-2.3.4/lib/active_record/connection_adapters/postgresql_adapter.rb:968:in `connect'
    /Library/Ruby/Gems/1.8/gems/activerecord-2.3.4/lib/active_record/connection_adapters/postgresql_adapter.rb:217:in `initialize'
    /Library/Ruby/Gems/1.8/gems/activerecord-2.3.4/lib/active_record/connection_adapters/postgresql_adapter.rb:37:in `new'
    /Library/Ruby/Gems/1.8/gems/activerecord-2.3.4/lib/active_record/connection_adapters/postgresql_adapter.rb:37:in `postgresql_connection'
    /Library/Ruby/Gems/1.8/gems/activerecord-2.3.4/lib/active_record/connection_adapters/abstract/connection_pool.rb:223:in `send'
    /Library/Ruby/Gems/1.8/gems/activerecord-2.3.4/lib/active_record/connection_adapters/abstract/connection_pool.rb:223:in `new_connection'
    /Library/Ruby/Gems/1.8/gems/activerecord-2.3.4/lib/active_record/connection_adapters/abstract/connection_pool.rb:245:in `checkout_new_connection'
    /Library/Ruby/Gems/1.8/gems/activerecord-2.3.4/lib/active_record/connection_adapters/abstract/connection_pool.rb:188:in `checkout'
    /Library/Ruby/Gems/1.8/gems/activerecord-2.3.4/lib/active_record/connection_adapters/abstract/connection_pool.rb:184:in `loop'
    /Library/Ruby/Gems/1.8/gems/activerecord-2.3.4/lib/active_record/connection_adapters/abstract/connection_pool.rb:184:in `checkout'
    /System/Library/Frameworks/Ruby.framework/Versions/1.8/usr/lib/ruby/1.8/monitor.rb:242:in `synchronize'
    /Library/Ruby/Gems/1.8/gems/activerecord-2.3.4/lib/active_record/connection_adapters/abstract/connection_pool.rb:183:in `checkout'
    /Library/Ruby/Gems/1.8/gems/activerecord-2.3.4/lib/active_record/connection_adapters/abstract/connection_pool.rb:98:in `connection'
    /Library/Ruby/Gems/1.8/gems/activerecord-2.3.4/lib/active_record/connection_adapters/abstract/connection_pool.rb:326:in `retrieve_connection'
    /Library/Ruby/Gems/1.8/gems/activerecord-2.3.4/lib/active_record/connection_adapters/abstract/connection_specification.rb:123:in `retrieve_connection'
    /Library/Ruby/Gems/1.8/gems/activerecord-2.3.4/lib/active_record/connection_adapters/abstract/connection_specification.rb:115:in `connection'
    /Library/Ruby/Gems/1.8/gems/activerecord-2.3.4/lib/active_record/query_cache.rb:9:in `cache'
    /Library/Ruby/Gems/1.8/gems/activerecord-2.3.4/lib/active_record/query_cache.rb:28:in `call'
    /Library/Ruby/Gems/1.8/gems/activerecord-2.3.4/lib/active_record/connection_adapters/abstract/connection_pool.rb:361:in `call'
    /Library/Ruby/Gems/1.8/gems/passenger-2.2.5/vendor/rack-1.0.0-git/lib/rack/head.rb:9:in `call'
    /Library/Ruby/Gems/1.8/gems/passenger-2.2.5/vendor/rack-1.0.0-git/lib/rack/methodoverride.rb:24:in `call'
    /Library/Ruby/Gems/1.8/gems/actionpack-2.3.4/lib/action_controller/params_parser.rb:15:in `call'
    /Library/Ruby/Gems/1.8/gems/actionpack-2.3.4/lib/action_controller/session/cookie_store.rb:93:in `call'
    /Library/Ruby/Gems/1.8/gems/actionpack-2.3.4/lib/action_controller/failsafe.rb:26:in `call'
    /Library/Ruby/Gems/1.8/gems/passenger-2.2.5/vendor/rack-1.0.0-git/lib/rack/lock.rb:11:in `call'
    /Library/Ruby/Gems/1.8/gems/passenger-2.2.5/vendor/rack-1.0.0-git/lib/rack/lock.rb:11:in `synchronize'
    /Library/Ruby/Gems/1.8/gems/passenger-2.2.5/vendor/rack-1.0.0-git/lib/rack/lock.rb:11:in `call'
    /Library/Ruby/Gems/1.8/gems/actionpack-2.3.4/lib/action_controller/dispatcher.rb:114:in `call'
    /Library/Ruby/Gems/1.8/gems/actionpack-2.3.4/lib/action_controller/reloader.rb:34:in `run'
    /Library/Ruby/Gems/1.8/gems/actionpack-2.3.4/lib/action_controller/dispatcher.rb:108:in `call'
    /Library/Ruby/Gems/1.8/gems/passenger-2.2.5/lib/phusion_passenger/rack/request_handler.rb:95:in `process_request'
    /Library/Ruby/Gems/1.8/gems/passenger-2.2.5/lib/phusion_passenger/abstract_request_handler.rb:207:in `main_loop'
    /Library/Ruby/Gems/1.8/gems/passenger-2.2.5/lib/phusion_passenger/railz/application_spawner.rb:378:in `start_request_handler'
    /Library/Ruby/Gems/1.8/gems/passenger-2.2.5/lib/phusion_passenger/railz/application_spawner.rb:336:in `handle_spawn_application'
    /Library/Ruby/Gems/1.8/gems/passenger-2.2.5/lib/phusion_passenger/utils.rb:183:in `safe_fork'
    /Library/Ruby/Gems/1.8/gems/passenger-2.2.5/lib/phusion_passenger/railz/application_spawner.rb:334:in `handle_spawn_application'
    /Library/Ruby/Gems/1.8/gems/passenger-2.2.5/lib/phusion_passenger/abstract_server.rb:352:in `__send__'
    /Library/Ruby/Gems/1.8/gems/passenger-2.2.5/lib/phusion_passenger/abstract_server.rb:352:in `main_loop'
    /Library/Ruby/Gems/1.8/gems/passenger-2.2.5/lib/phusion_passenger/abstract_server.rb:196:in `start_synchronously'
    /Library/Ruby/Gems/1.8/gems/passenger-2.2.5/lib/phusion_passenger/abstract_server.rb:163:in `start'
    /Library/Ruby/Gems/1.8/gems/passenger-2.2.5/lib/phusion_passenger/railz/application_spawner.rb:213:in `start'
    /Library/Ruby/Gems/1.8/gems/passenger-2.2.5/lib/phusion_passenger/spawn_manager.rb:262:in `spawn_rails_application'
    /Library/Ruby/Gems/1.8/gems/passenger-2.2.5/lib/phusion_passenger/abstract_server_collection.rb:126:in `lookup_or_add'
    /Library/Ruby/Gems/1.8/gems/passenger-2.2.5/lib/phusion_passenger/spawn_manager.rb:256:in `spawn_rails_application'
    /Library/Ruby/Gems/1.8/gems/passenger-2.2.5/lib/phusion_passenger/abstract_server_collection.rb:80:in `synchronize'
    /Library/Ruby/Gems/1.8/gems/passenger-2.2.5/lib/phusion_passenger/abstract_server_collection.rb:79:in `synchronize'
    /Library/Ruby/Gems/1.8/gems/passenger-2.2.5/lib/phusion_passenger/spawn_manager.rb:255:in `spawn_rails_application'
    /Library/Ruby/Gems/1.8/gems/passenger-2.2.5/lib/phusion_passenger/spawn_manager.rb:154:in `spawn_application'
    /Library/Ruby/Gems/1.8/gems/passenger-2.2.5/lib/phusion_passenger/spawn_manager.rb:287:in `handle_spawn_application'
    /Library/Ruby/Gems/1.8/gems/passenger-2.2.5/lib/phusion_passenger/abstract_server.rb:352:in `__send__'
    /Library/Ruby/Gems/1.8/gems/passenger-2.2.5/lib/phusion_passenger/abstract_server.rb:352:in `main_loop'
    /Library/Ruby/Gems/1.8/gems/passenger-2.2.5/lib/phusion_passenger/abstract_server.rb:196:in `start_synchronously'
    /Library/Ruby/Gems/1.8/gems/passenger-2.2.5/bin/passenger-spawn-server:61
  [4;36;1mSQL (0.2ms)[0m   [0;1mSET client_min_messages TO 'panic'[0m
  [4;35;1mSQL (0.2ms)[0m   [0mSET client_min_messages TO 'notice'[0m


Processing PostsController#index (for 127.0.0.1 at 2009-11-20 15:55:30) [GET]
  [4;36;1mPost Load (0.0ms)[0m   [0;1mPGError: ERROR: relation "posts" does not exist
LINE 1: SELECT * FROM "posts" 
 ^
: SELECT * FROM "posts" [0m

ActiveRecord::StatementInvalid (PGError: ERROR:  relation "posts" does not exist
LINE 1: SELECT * FROM "posts" 
                      ^
: SELECT * FROM "posts" ):
  app/controllers/posts_controller.rb:5:in `index'
  passenger (2.2.5) lib/phusion_passenger/rack/request_handler.rb:95:in `process_request'
  passenger (2.2.5) lib/phusion_passenger/abstract_request_handler.rb:207:in `main_loop'
  passenger (2.2.5) lib/phusion_passenger/railz/application_spawner.rb:378:in `start_request_handler'
  passenger (2.2.5) lib/phusion_passenger/railz/application_spawner.rb:336:in `handle_spawn_application'
  passenger (2.2.5) lib/phusion_passenger/utils.rb:183:in `safe_fork'
  passenger (2.2.5) lib/phusion_passenger/railz/application_spawner.rb:334:in `handle_spawn_application'
  passenger (2.2.5) lib/phusion_passenger/abstract_server.rb:352:in `__send__'
  passenger (2.2.5) lib/phusion_passenger/abstract_server.rb:352:in `main_loop'
  passenger (2.2.5) lib/phusion_passenger/abstract_server.rb:196:in `start_synchronously'
  passenger (2.2.5) lib/phusion_passenger/abstract_server.rb:163:in `start'
  passenger (2.2.5) lib/phusion_passenger/railz/application_spawner.rb:213:in `start'
  passenger (2.2.5) lib/phusion_passenger/spawn_manager.rb:262:in `spawn_rails_application'
  passenger (2.2.5) lib/phusion_passenger/abstract_server_collection.rb:126:in `lookup_or_add'
  passenger (2.2.5) lib/phusion_passenger/spawn_manager.rb:256:in `spawn_rails_application'
  passenger (2.2.5) lib/phusion_passenger/abstract_server_collection.rb:80:in `synchronize'
  passenger (2.2.5) lib/phusion_passenger/abstract_server_collection.rb:79:in `synchronize'
  passenger (2.2.5) lib/phusion_passenger/spawn_manager.rb:255:in `spawn_rails_application'
  passenger (2.2.5) lib/phusion_passenger/spawn_manager.rb:154:in `spawn_application'
  passenger (2.2.5) lib/phusion_passenger/spawn_manager.rb:287:in `handle_spawn_application'
  passenger (2.2.5) lib/phusion_passenger/abstract_server.rb:352:in `__send__'
  passenger (2.2.5) lib/phusion_passenger/abstract_server.rb:352:in `main_loop'
  passenger (2.2.5) lib/phusion_passenger/abstract_server.rb:196:in `start_synchronously'

Rendered rescues/_trace (52.0ms)
Rendered rescues/_request_and_response (2.0ms)
Rendering rescues/layout (internal_server_error)
  [4;36;1mSQL (0.2ms)[0m   [0;1mSET client_min_messages TO 'panic'[0m
  [4;35;1mSQL (0.2ms)[0m   [0mSET client_min_messages TO 'notice'[0m
  [4;36;1mSQL (47.7ms)[0m   [0;1mCREATE TABLE "schema_migrations" ("version" character varying(255) NOT NULL) [0m
  [4;35;1mSQL (11.8ms)[0m   [0mCREATE UNIQUE INDEX "unique_schema_migrations" ON "schema_migrations" ("version")[0m
  [4;36;1mSQL (0.5ms)[0m   [0;1mSELECT version FROM schema_migrations[0m
Migrating to CreatePosts (20091120194017)
  [4;35;1mSQL (0.3ms)[0m   [0mBEGIN[0m
  [4;36;1mSQL (10.1ms)[0m   [0;1mCREATE TABLE "posts" ("id" serial primary key, "title" character varying(255), "body" text, "created_at" timestamp, "updated_at" timestamp) [0m
  [4;35;1mSQL (26.4ms)[0m   [0mINSERT INTO schema_migrations (version) VALUES ('20091120194017')[0m
  [4;36;1mSQL (2.2ms)[0m   [0;1mCOMMIT[0m
  [4;35;1mSQL (1.0ms)[0m   [0mSELECT version FROM schema_migrations[0m
  [4;35;1mSQL (0.2ms)[0m   [0mSET client_min_messages TO 'panic'[0m
  [4;36;1mSQL (0.2ms)[0m   [0;1mSET client_min_messages TO 'notice'[0m


Processing PostsController#index (for 127.0.0.1 at 2009-11-20 15:55:42) [GET]
  [4;35;1mPost Load (2.2ms)[0m   [0mSELECT * FROM "posts" [0m
Rendering template within layouts/posts
Rendering posts/index
Completed in 43ms (View: 36, DB: 3) | 200 OK [http://blog-example.local/posts]
  [4;36;1mSQL (0.2ms)[0m   [0;1mSET client_min_messages TO 'panic'[0m
  [4;35;1mSQL (0.2ms)[0m   [0mSET client_min_messages TO 'notice'[0m


Processing PostsController#new (for 127.0.0.1 at 2009-11-20 15:55:53) [GET]
Rendering template within layouts/posts
Rendering posts/new
Completed in 24ms (View: 13, DB: 0) | 200 OK [http://blog-example.local/posts/new]
  [4;36;1mSQL (0.2ms)[0m   [0;1mSET client_min_messages TO 'panic'[0m
  [4;35;1mSQL (0.2ms)[0m   [0mSET client_min_messages TO 'notice'[0m


Processing PostsController#create (for 127.0.0.1 at 2009-11-20 15:56:51) [POST]
  Parameters: {"commit"=>"Create", "post"=>{"body"=>"Iusto vel, praesent eu sed te praesent sit lorem consequat nibh. Ea tation diam ullamcorper molestie ut wisi delenit facilisis euismod nulla, augue iriure autem ut laoreet praesent lobortis, velit ut dolore, minim, veniam aliquip duis. Erat vero illum in dolor aliquam aliquam lobortis delenit vel commodo, facilisis et tation, consequat. Vulputate eu et nulla nostrud minim ut facilisis, aliquip dolore ut feugait volutpat qui blandit nulla hendrerit, ea veniam eros suscipit exerci.\r\n\r\nEros lobortis et ipsum odio, luptatum blandit blandit erat qui tincidunt, feugiat, molestie in ex in ad elit te nisl nulla, ad wisi wisi esse. Nibh dolor blandit, sit at vulputate nulla feugait consequat zzril in suscipit ex vel ut et duis feugiat wisi aliquip euismod ipsum nonummy ullamcorper. Accumsan minim te et dignissim exerci iusto dolore exerci diam vel nonummy dolor nisl vel. Nibh amet, ea ullamcorper duis ut, at feugait in at autem odio eum volutpat. Autem illum augue ex, qui eum nostrud duis, zzril ullamcorper, enim zzril magna erat.", "title"=>"Example Post 1"}, "authenticity_token"=>"4edPSoq3tokvW/yHa7riFXBDUv3mDcZMY1GEhG0yqpw="}
  [4;36;1mSQL (0.3ms)[0m   [0;1mBEGIN[0m
  [4;35;1mSQL (11.3ms)[0m   [0mINSERT INTO "posts" ("created_at", "title", "body", "updated_at") VALUES('2009-11-20 19:56:51.663276', E'Example Post 1', E'Iusto vel, praesent eu sed te praesent sit lorem consequat nibh. Ea tation diam ullamcorper molestie ut wisi delenit facilisis euismod nulla, augue iriure autem ut laoreet praesent lobortis, velit ut dolore, minim, veniam aliquip duis. Erat vero illum in dolor aliquam aliquam lobortis delenit vel commodo, facilisis et tation, consequat. Vulputate eu et nulla nostrud minim ut facilisis, aliquip dolore ut feugait volutpat qui blandit nulla hendrerit, ea veniam eros suscipit exerci.

Eros lobortis et ipsum odio, luptatum blandit blandit erat qui tincidunt, feugiat, molestie in ex in ad elit te nisl nulla, ad wisi wisi esse. Nibh dolor blandit, sit at vulputate nulla feugait consequat zzril in suscipit ex vel ut et duis feugiat wisi aliquip euismod ipsum nonummy ullamcorper. Accumsan minim te et dignissim exerci iusto dolore exerci diam vel nonummy dolor nisl vel. Nibh amet, ea ullamcorper duis ut, at feugait in at autem odio eum volutpat. Autem illum augue ex, qui eum nostrud duis, zzril ullamcorper, enim zzril magna erat.', '2009-11-20 19:56:51.663276') RETURNING "id"[0m
  [4;36;1mSQL (60.1ms)[0m   [0;1mCOMMIT[0m
Redirected to http://blog-example.local/posts/1
Completed in 93ms (DB: 72) | 302 Found [http://blog-example.local/posts]
  [4;35;1mSQL (0.3ms)[0m   [0mSET client_min_messages TO 'panic'[0m
  [4;36;1mSQL (0.2ms)[0m   [0;1mSET client_min_messages TO 'notice'[0m


Processing PostsController#show (for 127.0.0.1 at 2009-11-20 15:56:51) [GET]
  Parameters: {"id"=>"1"}
  [4;35;1mPost Load (0.8ms)[0m   [0mSELECT * FROM "posts" WHERE ("posts"."id" = 1) [0m
Rendering template within layouts/posts
Rendering posts/show
Completed in 21ms (View: 9, DB: 1) | 200 OK [http://blog-example.local/posts/1]
  [4;36;1mSQL (0.5ms)[0m   [0;1mSET client_min_messages TO 'panic'[0m
  [4;35;1mSQL (0.2ms)[0m   [0mSET client_min_messages TO 'notice'[0m


Processing PostsController#index (for 127.0.0.1 at 2009-11-20 15:56:54) [GET]
  [4;36;1mPost Load (2.0ms)[0m   [0;1mSELECT * FROM "posts" [0m
Rendering template within layouts/posts
Rendering posts/index
Completed in 19ms (View: 12, DB: 3) | 200 OK [http://blog-example.local/posts]
